\BOOKMARK [1][-]{section.1}{Introduction}{}% 1
\BOOKMARK [2][-]{subsection.1.1}{Objet et port\351e du document}{section.1}% 2
\BOOKMARK [2][-]{subsection.1.2}{R\351f\351rences}{section.1}% 3
\BOOKMARK [2][-]{subsection.1.3}{Vue d'ensemble}{section.1}% 4
\BOOKMARK [1][-]{section.2}{Cas d'utilisation}{}% 5
\BOOKMARK [2][-]{subsection.2.1}{Acteurs}{section.2}% 6
\BOOKMARK [3][-]{subsubsection.2.1.1}{Utilisateur dit "particulier"}{subsection.2.1}% 7
\BOOKMARK [3][-]{subsubsection.2.1.2}{Utilisateur dit "professionnel"}{subsection.2.1}% 8
\BOOKMARK [2][-]{subsection.2.2}{Liste et diagrammes de cas d'utilisation}{section.2}% 9
\BOOKMARK [3][-]{subsubsection.2.2.1}{Inscription}{subsection.2.2}% 10
\BOOKMARK [3][-]{subsubsection.2.2.2}{Gestion de compte}{subsection.2.2}% 11
\BOOKMARK [3][-]{subsubsection.2.2.3}{Connexion}{subsection.2.2}% 12
\BOOKMARK [3][-]{subsubsection.2.2.4}{Cr\351ation d'une entreprise}{subsection.2.2}% 13
\BOOKMARK [3][-]{subsubsection.2.2.5}{Recherche de professionnel}{subsection.2.2}% 14
\BOOKMARK [3][-]{subsubsection.2.2.6}{Gestion des horaires}{subsection.2.2}% 15
\BOOKMARK [3][-]{subsubsection.2.2.7}{Cr\351ation de pr\351station}{subsection.2.2}% 16
\BOOKMARK [3][-]{subsubsection.2.2.8}{Prise de rendez-vous}{subsection.2.2}% 17
\BOOKMARK [3][-]{subsubsection.2.2.9}{Confirmation de rendez-vous}{subsection.2.2}% 18
\BOOKMARK [1][-]{section.3}{Diagrammes d'activit\351}{}% 19
\BOOKMARK [2][-]{subsection.3.1}{Inscription}{section.3}% 20
\BOOKMARK [2][-]{subsection.3.2}{Connexion}{section.3}% 21
\BOOKMARK [2][-]{subsection.3.3}{Cr\351ation d'une entreprise}{section.3}% 22
\BOOKMARK [1][-]{section.4}{Description et interaction des classes}{}% 23
\BOOKMARK [2][-]{subsection.4.1}{Description des classes}{section.4}% 24
\BOOKMARK [3][-]{subsubsection.4.1.1}{La classe Utilisateur}{subsection.4.1}% 25
\BOOKMARK [3][-]{subsubsection.4.1.2}{La classe Entreprise}{subsection.4.1}% 26
\BOOKMARK [3][-]{subsubsection.4.1.3}{La classe Calendier}{subsection.4.1}% 27
\BOOKMARK [3][-]{subsubsection.4.1.4}{La classe Prestation}{subsection.4.1}% 28
\BOOKMARK [3][-]{subsubsection.4.1.5}{La classe RendezVous}{subsection.4.1}% 29
\BOOKMARK [2][-]{subsection.4.2}{Diagramme de classe}{section.4}% 30
\BOOKMARK [1][-]{section.5}{Description de la persistance des donn\351es}{}% 31
\BOOKMARK [2][-]{subsection.5.1}{Outils utilis\351s}{section.5}% 32
\BOOKMARK [2][-]{subsection.5.2}{Mod\350le entit\351 association}{section.5}% 33
